"../../../../GamesJam/UkieGamesJam2020/Content/Materials/FlatMaterial.uasset" 0
"../../../../GamesJam/UkieGamesJam2020/Content/Materials/Grey.uasset" 1
"../../../../GamesJam/UkieGamesJam2020/Content/Meshes/Mesh_kitchen_cpd_upper.uasset" 2
"../../../../GamesJam/UkieGamesJam2020/Content/Meshes/Mesh_kitchen_cpd_upper_door.uasset" 3
"../../../../GamesJam/UkieGamesJam2020/Content/Blueprints/Environment/KCupboard1.uasset" 4
"../../../../GamesJam/UkieGamesJam2020/Content/Blueprints/Environment/KCupboard3.uasset" 5
"../../../../GamesJam/UkieGamesJam2020/Content/Blueprints/MISC/BP_MacroLib.uasset" 6
"../../../../GamesJam/UkieGamesJam2020/Content/Blueprints/BPI_Interactables.uasset" 7
"../../../Engine/Content/EditorBlueprintResources/StandardMacros.uasset" 8
"../../../../GamesJam/UkieGamesJam2020/Content/Blueprints/BP_AnxietyCamShake.uasset" 9
"../../../../GamesJam/UkieGamesJam2020/Content/Blueprints/BP_PanicAttackCamShake.uasset" 10
"../../../../GamesJam/UkieGamesJam2020/Content/Blueprints/CharacterElements/BP_PlayerController.uasset" 11
"../../../../GamesJam/UkieGamesJam2020/Content/Blueprints/E_LevelNumber.uasset" 12
"../../../../GamesJam/UkieGamesJam2020/Content/Blueprints/MISC/GM_SeekingComposure.uasset" 13
"../../../../GamesJam/UkieGamesJam2020/Content/Blueprints/Interactables/BP_BaseInteractable.uasset" 14
"../../../../GamesJam/UkieGamesJam2020/Content/Blueprints/E_ItemName.uasset" 15
"../../../../GamesJam/UkieGamesJam2020/Content/Blueprints/Interactables/BP_PickupInteractable.uasset" 16
"../../../../GamesJam/UkieGamesJam2020/Content/Alex/UIAssets/snaphand-v1-free.uasset" 17
"../../../../GamesJam/UkieGamesJam2020/Content/Alex/UIAssets/snaphand-v1-free_Font.uasset" 18
"../../../../GamesJam/UkieGamesJam2020/Content/Alex/InventoryIcon.uasset" 19
"../../../../GamesJam/UkieGamesJam2020/Content/Alex/InventoryRow.uasset" 20
"../../../../GamesJam/UkieGamesJam2020/Content/Alex/UIAssets/Button1.uasset" 21
"../../../../GamesJam/UkieGamesJam2020/Content/Alex/UIAssets/Button2.uasset" 22
"../../../../GamesJam/UkieGamesJam2020/Content/Alex/LevelFailed.uasset" 23
"../../../../GamesJam/UkieGamesJam2020/Content/Alex/BP_GameInstance.uasset" 24
"../../../../GamesJam/UkieGamesJam2020/Content/Alex/LevelSucceeded.uasset" 25
"../../../../GamesJam/UkieGamesJam2020/Content/Alex/HowToPlay.uasset" 26
"../../../../GamesJam/UkieGamesJam2020/Content/Alex/KeyBindSlot.uasset" 27
"../../../../GamesJam/UkieGamesJam2020/Content/Alex/KeyBindRow.uasset" 28
"../../../../GamesJam/UkieGamesJam2020/Content/Blueprints/MISC/AudioClass.uasset" 29
"../../../../GamesJam/UkieGamesJam2020/Content/Blueprints/MISC/AudioMix.uasset" 30
"../../../../GamesJam/UkieGamesJam2020/Content/Sounds/MenuPopSound.uasset" 31
"../../../../GamesJam/UkieGamesJam2020/Content/Alex/OptionsMenu.uasset" 32
"../../../../GamesJam/UkieGamesJam2020/Content/Alex/ToleranceMenu.uasset" 33
"../../../../GamesJam/UkieGamesJam2020/Content/Alex/UIAssets/Button3.uasset" 34
"../../../../GamesJam/UkieGamesJam2020/Content/Alex/UIAssets/PopupMenuBg.uasset" 35
"../../../../GamesJam/UkieGamesJam2020/Content/Alex/PauseMenu.uasset" 36
"../../../../GamesJam/UkieGamesJam2020/Content/Alex/UIAssets/BrainBarBG.uasset" 37
"../../../../GamesJam/UkieGamesJam2020/Content/Alex/UIAssets/BrainBarFill.uasset" 38
"../../../../GamesJam/UkieGamesJam2020/Content/Alex/UIAssets/MusicVignette.uasset" 39
"../../../../GamesJam/UkieGamesJam2020/Content/Sounds/PickUpSound.uasset" 40
"../../../../GamesJam/UkieGamesJam2020/Content/Sounds/PickUpSound_Cue.uasset" 41
"../../../../GamesJam/UkieGamesJam2020/Content/Alex/W_HUDManager.uasset" 42
"../../../../GamesJam/UkieGamesJam2020/Content/Sounds/bensound-sweet.uasset" 43
"../../../../GamesJam/UkieGamesJam2020/Content/Sounds/bensound-sweet_Cue.uasset" 44
"../../../../GamesJam/UkieGamesJam2020/Content/Blueprints/CharacterElements/BP_PlayerCharacter.uasset" 45
"../../../../GamesJam/UkieGamesJam2020/Content/Alex/UIAssets/Backpack.uasset" 46
"../../../../GamesJam/UkieGamesJam2020/Content/Materials/Brown.uasset" 47
"../../../../GamesJam/UkieGamesJam2020/Content/Meshes/Mesh_Backpack.uasset" 48
"../../../../GamesJam/UkieGamesJam2020/Content/Blueprints/Interactables/1LivingRoomItems/BP_Backpack.uasset" 49
"../../../../GamesJam/UkieGamesJam2020/Content/Alex/UIAssets/Laptop.uasset" 50
"../../../../GamesJam/UkieGamesJam2020/Content/Meshes/Mesh_Laptop.uasset" 51
"../../../../GamesJam/UkieGamesJam2020/Content/Blueprints/Interactables/1LivingRoomItems/BP_Laptop.uasset" 52
"../../../../GamesJam/UkieGamesJam2020/Content/Alex/UIAssets/Notebook.uasset" 53
"../../../../GamesJam/UkieGamesJam2020/Content/Materials/White.uasset" 54
"../../../../GamesJam/UkieGamesJam2020/Content/Meshes/Mesh_Notebook.uasset" 55
"../../../../GamesJam/UkieGamesJam2020/Content/Blueprints/Interactables/1LivingRoomItems/BP_Notebook.uasset" 56
"../../../../GamesJam/UkieGamesJam2020/Content/Alex/UIAssets/Pencil.uasset" 57
"../../../../GamesJam/UkieGamesJam2020/Content/Materials/Yellow.uasset" 58
"../../../../GamesJam/UkieGamesJam2020/Content/Meshes/Mesh_Pencil.uasset" 59
"../../../../GamesJam/UkieGamesJam2020/Content/Blueprints/Interactables/1LivingRoomItems/BP_PenPencilPot.uasset" 60
"../../../../GamesJam/UkieGamesJam2020/Content/Alex/UIAssets/Charger.uasset" 61
"../../../../GamesJam/UkieGamesJam2020/Content/Meshes/Mesh_Phone_Charger.uasset" 62
"../../../../GamesJam/UkieGamesJam2020/Content/Blueprints/Interactables/2BedRoomItems/BP_PhoneCharger.uasset" 63
"../../../../GamesJam/UkieGamesJam2020/Content/Alex/UIAssets/Suitcase.uasset" 64
"../../../../GamesJam/UkieGamesJam2020/Content/Meshes/Mesh_Suitcase.uasset" 65
"../../../../GamesJam/UkieGamesJam2020/Content/Blueprints/Interactables/2BedRoomItems/BP_Suitcase.uasset" 66
"../../../../GamesJam/UkieGamesJam2020/Content/Alex/UIAssets/Wallet.uasset" 67
"../../../../GamesJam/UkieGamesJam2020/Content/Meshes/Mesh_Wallet.uasset" 68
"../../../../GamesJam/UkieGamesJam2020/Content/Blueprints/Interactables/2BedRoomItems/BP_Wallet.uasset" 69
"../../../../GamesJam/UkieGamesJam2020/Content/Alex/UIAssets/Bowl.uasset" 70
"../../../../GamesJam/UkieGamesJam2020/Content/Meshes/Mesh_Bowl.uasset" 71
"../../../../GamesJam/UkieGamesJam2020/Content/Blueprints/Interactables/3KitchenItems/BP_Bowl.uasset" 72
"../../../../GamesJam/UkieGamesJam2020/Content/Alex/UIAssets/CerealBox.uasset" 73
"../../../../GamesJam/UkieGamesJam2020/Content/Meshes/Mesh_Cereal_Box.uasset" 74
"../../../../GamesJam/UkieGamesJam2020/Content/Blueprints/Interactables/3KitchenItems/BP_Cereal.uasset" 75
"../../../../GamesJam/UkieGamesJam2020/Content/Alex/UIAssets/MilkCarton.uasset" 76
"../../../../GamesJam/UkieGamesJam2020/Content/Materials/Blue.uasset" 77
"../../../../GamesJam/UkieGamesJam2020/Content/Meshes/Mesh_Milk_Carton.uasset" 78
"../../../../GamesJam/UkieGamesJam2020/Content/Blueprints/Interactables/3KitchenItems/BP_Milk.uasset" 79
"../../../../GamesJam/UkieGamesJam2020/Content/Alex/UIAssets/Spoon.uasset" 80
"../../../../GamesJam/UkieGamesJam2020/Content/Meshes/Mesh_Spoon.uasset" 81
"../../../../GamesJam/UkieGamesJam2020/Content/Blueprints/Interactables/3KitchenItems/BP_Spoon.uasset" 82
"../../../../GamesJam/UkieGamesJam2020/Content/Blueprints/Interactables/BP_BaseInteractables.uasset" 83
"../../../../GamesJam/UkieGamesJam2020/Content/Alex/UIAssets/Keys.uasset" 84
"../../../../GamesJam/UkieGamesJam2020/Content/Meshes/Mesh_Keys.uasset" 85
"../../../../GamesJam/UkieGamesJam2020/Content/Blueprints/Interactables/2BedRoomItems/BP_Keys.uasset" 86
"../../../../GamesJam/UkieGamesJam2020/Content/Blueprints/Interactables/1LivingRoomItems/BP_Keys.uasset" 87
"../../../../GamesJam/UkieGamesJam2020/Content/elijah/test.uasset" 88
"../../../../GamesJam/UkieGamesJam2020/Content/Levels/LM_SeekingComposure.uasset" 89
"../../../../GamesJam/UkieGamesJam2020/Content/Levels/LM_Work_BuiltData.uasset" 90
"../../../../GamesJam/UkieGamesJam2020/Content/Levels/LM_SeekingComposure_BuiltData.uasset" 91
"../../../../GamesJam/UkieGamesJam2020/Content/Materials/red.uasset" 92
"../../../../GamesJam/UkieGamesJam2020/Content/Meshes/Mesh_Bin.uasset" 93
"../../../../GamesJam/UkieGamesJam2020/Content/Meshes/Mesh_Choco_Hoop.uasset" 94
"../../../../GamesJam/UkieGamesJam2020/Content/Meshes/Mesh_Pencil_Pot.uasset" 95
"../../../../GamesJam/UkieGamesJam2020/Content/Meshes/Mesh_Tv_Cabinet_Door.uasset" 96
"../../../../GamesJam/UkieGamesJam2020/Content/Sounds/AmbientCrickets.uasset" 97
"../../../Engine/Content/Animation/DefaultAnimCurveCompressionSettings.uasset" 98
"../../../Engine/Content/Functions/Engine_MaterialFunctions01/Opacity/CameraDepthFade.uasset" 99
"../../../Engine/Content/EngineMaterials/T_Default_Material_Grid_M.uasset" 100
"../../../Engine/Content/EngineMaterials/T_Default_Material_Grid_N.uasset" 101
"../../../Engine/Content/EngineMaterials/WorldGridMaterial.uasset" 102
"../../../Engine/Content/ArtTools/RenderToTexture/Meshes/S_1_Unit_Plane.uasset" 103
"../../../Engine/Content/EngineMaterials/DefaultMaterial.uasset" 104
"../../../Engine/Content/BasicShapes/Cone.uasset" 105
"../../../Engine/Content/BasicShapes/Cube.uasset" 106
"../../../Engine/Content/BasicShapes/Cylinder.uasset" 107
"../../../Engine/Content/BasicShapes/Plane.uasset" 108
"../../../Engine/Content/BasicShapes/Sphere.uasset" 109
"../../../Engine/Content/EditorLandscapeResources/DataLayer.uasset" 110
"../../../Engine/Content/EditorMaterials/MAT_Groups_Toggle.uasset" 111
"../../../Engine/Content/EditorMaterials/MAT_Groups_Visibility.uasset" 112
"../../../Engine/Content/EditorMaterials/PreviewShadowIndicator.uasset" 113
"../../../Engine/Content/EditorMaterials/PreviewShadowIndicatorMaterial.uasset" 114
"../../../Engine/Content/EditorMaterials/MatineeGroups/MAT_ColorTrack.uasset" 115
"../../../Engine/Content/EditorMaterials/MatineeGroups/MAT_Groups_Anim.uasset" 116
"../../../Engine/Content/EditorMaterials/MatineeGroups/MAT_Groups_AudioMaster.uasset" 117
"../../../Engine/Content/EditorMaterials/MatineeGroups/MAT_Groups_Director.uasset" 118
"../../../Engine/Content/EditorMaterials/MatineeGroups/MAT_Groups_Event.uasset" 119
"../../../Engine/Content/EditorMaterials/MatineeGroups/MAT_Groups_Fade.uasset" 120
"../../../Engine/Content/EditorMaterials/MatineeGroups/MAT_Groups_Float.uasset" 121
"../../../Engine/Content/EditorMaterials/MatineeGroups/MAT_Groups_Move.uasset" 122
"../../../Engine/Content/EditorMaterials/MatineeGroups/MAT_Groups_Slomo.uasset" 123
"../../../Engine/Content/EditorMaterials/MatineeGroups/MAT_Groups_Sound.uasset" 124
"../../../Engine/Content/EditorMaterials/MatineeGroups/MAT_Groups_Vector.uasset" 125
"../../../Engine/Content/EditorMaterials/ParticleSystems/PSysThumbnail_NoImage.uasset" 126
"../../../Engine/Content/EditorMaterials/ParticleSystems/PSysThumbnail_OOD.uasset" 127
"../../../Engine/Content/EditorMaterials/Camera/CineMat.uasset" 128
"../../../Engine/Content/EditorMaterials/Camera/MI_CineMat_Rig.uasset" 129
"../../../Engine/Content/EditorMeshes/Camera/SM_CraneRig_Arm.uasset" 130
"../../../Engine/Content/EditorMeshes/Camera/SM_CraneRig_Base.uasset" 131
"../../../Engine/Content/EditorMeshes/Camera/SM_CraneRig_Body.uasset" 132
"../../../Engine/Content/EditorMeshes/Camera/SM_CraneRig_Mount.uasset" 133
"../../../Engine/Content/EditorMeshes/Camera/SM_RailRig_Mount.uasset" 134
"../../../Engine/Content/EditorMeshes/Camera/SM_RailRig_Track.uasset" 135
"../../../Engine/Content/EditorResources/BSPVertex.uasset" 136
"../../../Engine/Content/EditorResources/EmptyActor.uasset" 137
"../../../Engine/Content/EditorResources/S_Actor.uasset" 138
"../../../Engine/Content/EditorResources/S_Note.uasset" 139
"../../../Engine/Content/EditorResources/S_Solver.uasset" 140
"../../../Engine/Content/EditorResources/S_Trigger.uasset" 141
"../../../Engine/Content/EditorResources/AudioIcons/S_AudioComponent_AutoActivate.uasset" 142
"../../../Engine/Content/EditorResources/LightIcons/S_LightError.uasset" 143
"../../../Engine/Content/EditorResources/SequenceRecorder/Countdown.uasset" 144
"../../../Engine/Content/EditorResources/SequenceRecorder/RecordingIndicator.uasset" 145
"../../../Engine/Content/EditorSounds/Notifications/CompileFailed.uasset" 146
"../../../Engine/Content/EditorSounds/Notifications/CompileFailed_Cue.uasset" 147
"../../../Engine/Content/EditorSounds/Notifications/CompileSuccess.uasset" 148
"../../../Engine/Content/EditorSounds/Notifications/CompileStart_Cue.uasset" 149
"../../../Engine/Content/EditorSounds/Notifications/CompileSuccess_Cue.uasset" 150
"../../../Engine/Content/EngineDamageTypes/DmgTypeBP_Environmental.uasset" 151
"../../../Engine/Content/EngineDebugMaterials/DebugEditorMaterial.uasset" 152
"../../../Engine/Content/EngineDebugMaterials/DebugMeshMaterial.uasset" 153
"../../../Engine/Content/EngineDebugMaterials/M_SimpleUnlitTranslucent.uasset" 154
"../../../Engine/Content/Functions/Engine_MaterialFunctions02/Utility/CameraDirectionVector.uasset" 155
"../../../Engine/Content/EngineDebugMaterials/VolumeToRender.uasset" 156
"../../../Engine/Content/EngineDebugMaterials/M_VolumeRenderSphereTracePP.uasset" 157
"../../../Engine/Content/EngineDebugMaterials/WireframeMaterial.uasset" 158
"../../../Engine/Content/EngineFonts/Faces/DroidSansFallback.uasset" 159
"../../../Engine/Content/EngineFonts/Faces/RobotoBold.uasset" 160
"../../../Engine/Content/EngineFonts/Faces/RobotoBoldItalic.uasset" 161
"../../../Engine/Content/EngineFonts/Faces/RobotoItalic.uasset" 162
"../../../Engine/Content/EngineFonts/Faces/RobotoLight.uasset" 163
"../../../Engine/Content/EngineFonts/Faces/RobotoRegular.uasset" 164
"../../../Engine/Content/EngineFonts/Roboto.uasset" 165
"../../../Engine/Content/EngineMaterials/BaseFlattenDiffuseMap.uasset" 166
"../../../Engine/Content/EngineMaterials/BaseFlattenEmissiveMap.uasset" 167
"../../../Engine/Content/EngineMaterials/BaseFlattenGrayscaleMap.uasset" 168
"../../../Engine/Content/EngineMaterials/BaseFlattenNormalMap.uasset" 169
"../../../Engine/Content/EngineMaterials/BaseFlattenMaterial.uasset" 170
"../../../Engine/Content/EngineMaterials/BlueNoise.uasset" 171
"../../../Engine/Content/EngineMaterials/DefaultBloomKernel.uasset" 172
"../../../Engine/Content/EngineMaterials/DefaultBokeh.uasset" 173
"../../../Engine/Content/EngineMaterials/DefaultDiffuse.uasset" 174
"../../../Engine/Content/EngineMaterials/DefaultDeferredDecalMaterial.uasset" 175
"../../../Engine/Content/EngineMaterials/DefaultLightFunctionMaterial.uasset" 176
"../../../Engine/Content/EngineMaterials/DefaultPhysicalMaterial.uasset" 177
"../../../Engine/Content/Functions/Engine_MaterialFunctions02/Utility/BreakOutFloat2Components.uasset" 178
"../../../Engine/Content/EngineMaterials/DefaultPostProcessMaterial.uasset" 179
"../../../Engine/Content/EngineFonts/RobotoDistanceField.uasset" 180
"../../../Engine/Content/EngineMaterials/DefaultTextMaterialOpaque.uasset" 181
"../../../Engine/Content/EngineMaterials/DefaultWhiteGrid.uasset" 182
"../../../Engine/Content/EngineMaterials/DefaultWhiteGrid_Low.uasset" 183
"../../../Engine/Content/EngineMaterials/EmissiveMeshMaterial.uasset" 184
"../../../Engine/Content/EngineMaterials/GizmoMaterial.uasset" 185
"../../../Engine/Content/EngineMaterials/Good64x64TilingNoiseHighFreq.uasset" 186
"../../../Engine/Content/EngineMaterials/MiniFont.uasset" 187
"../../../Engine/Content/EngineMaterials/InvalidLightmapSettings.uasset" 188
"../../../Engine/Content/EngineMaterials/M_InvalidLightmapSettings.uasset" 189
"../../../Engine/Content/Functions/Engine_MaterialFunctions02/WorldPositionOffset/CameraOffset.uasset" 190
"../../../Engine/Content/EngineMaterials/PhAT_JointLimitMaterial.uasset" 191
"../../../Engine/Content/EngineMaterials/PreintegratedSkinBRDF.uasset" 192
"../../../Engine/Content/EngineMaterials/RemoveSurfaceMaterial.uasset" 193
"../../../Engine/Content/EngineMaterials/WeightMapPlaceholderTexture.uasset" 194
"../../../Engine/Content/EngineResources/WhiteSquareTexture.uasset" 195
"../../../Engine/Content/EngineMaterials/Widget3DPassThrough.uasset" 196
"../../../Engine/Content/EngineMaterials/Widget3DPassThrough_Masked.uasset" 197
"../../../Engine/Content/EngineMaterials/Widget3DPassThrough_Opaque.uasset" 198
"../../../Engine/Content/EngineMaterials/Widget3DPassThrough_Masked_OneSided.uasset" 199
"../../../Engine/Content/EngineMaterials/Widget3DPassThrough_Opaque_OneSided.uasset" 200
"../../../Engine/Content/EngineMaterials/Widget3DPassThrough_Translucent.uasset" 201
"../../../Engine/Content/EngineMaterials/Widget3DPassThrough_Translucent_OneSided.uasset" 202
"../../../Engine/Content/EngineMeshes/Cylinder.uasset" 203
"../../../Engine/Content/EngineMeshes/Sphere.uasset" 204
"../../../Engine/Content/EngineResources/Black.uasset" 205
"../../../Engine/Content/EngineResources/DefaultTexture.uasset" 206
"../../../Engine/Content/EngineResources/DefaultTextureCube.uasset" 207
"../../../Engine/Content/EngineResources/DefaultVolumeTexture2D.uasset" 208
"../../../Engine/Content/EngineResources/DefaultVolumeTexture.uasset" 209
"../../../Engine/Content/EngineResources/GradientTexture0.uasset" 210
"../../../Engine/Content/Functions/Engine_MaterialFunctions01/Shading/ConvertFromDiffSpec.uasset" 211
"../../../Engine/Content/Functions/Engine_MaterialFunctions01/Shading/PowerToRoughness.uasset" 212
"../../../Engine/Content/Maps/Templates/Thumbnails/Default.uasset" 213
"../../../Engine/Content/Maps/Templates/Thumbnails/TimeOfDay.uasset" 214
"../../../Engine/Content/Maps/Templates/Thumbnails/VR-Basic.uasset" 215
"../../../Engine/Content/MobileResources/T_MobileControls_texture.uasset" 216
"../../../Engine/Content/MobileResources/T_MobileMenu2.uasset" 217
"../../../Engine/Content/MobileResources/HUD/AnalogHat.uasset" 218
"../../../Engine/Content/MobileResources/HUD/VirtualJoystick_Background.uasset" 219
"../../../Engine/Content/MobileResources/HUD/VirtualJoystick_Thumb.uasset" 220
"../../../Engine/Content/MobileResources/HUD/DefaultVirtualJoysticks.uasset" 221
"../../../Engine/Content/MobileResources/HUD/LeftVirtualJoystickOnly.uasset" 222
"../../../Engine/Content/MobileResources/HUD/MobileHUDButton1_off.uasset" 223
"../../../Engine/Content/MobileResources/HUD/MobileHUDButton1_on.uasset" 224
"../../../Engine/Content/MobileResources/HUD/MobileHUDButton2_off.uasset" 225
"../../../Engine/Content/MobileResources/HUD/MobileHUDButton2_on.uasset" 226
"../../../Engine/Content/MobileResources/HUD/MobileHUDButton3.uasset" 227
"../../../Engine/Content/MobileResources/HUD/MobileHUDButtonFire.uasset" 228
"../../../Engine/Content/MobileResources/HUD/MobileHUDDirectionPad.uasset" 229
"../../../Engine/Content/MobileResources/HUD/MobileHUDDirectionPad2.uasset" 230
"../../../Engine/Content/MobileResources/HUD/MobileHUDDirectionPad3.uasset" 231
"../../../Engine/Content/MobileResources/HUD/MobileHUDDirectionStick.uasset" 232
"../../../Engine/Content/MobileResources/HUD/T_Castle_ThumbstickInner.uasset" 233
"../../../Engine/Content/MobileResources/HUD/T_Castle_ThumbstickOutter.uasset" 234
"../../../Engine/Content/Tutorial/ContentIntroCurve.uasset" 235
"../../../Engine/Content/Tutorial/Basics/LevelEditorAttract.uasset" 236
"../../../Engine/Content/VREditor/LaserPointer/VR_LaserPower_01.uasset" 237
"../../../Engine/Content/VREditor/TransformGizmo/TransformGizmoMaterial.uasset" 238
"../../../Engine/Content/VREditor/TransformGizmo/TranslucentTransformGizmoMaterial.uasset" 239
"../../../Engine/Content/VREditor/TransformGizmo/BoundingBoxCorner.uasset" 240
"../../../Engine/Content/VREditor/TransformGizmo/BoundingBoxEdge.uasset" 241
"../../../Engine/Content/VREditor/TransformGizmo/PlaneTranslationHandle.uasset" 242
"../../../Engine/Content/VREditor/TransformGizmo/Main.uasset" 243
"../../../Engine/Content/VREditor/TransformGizmo/Xray.uasset" 244
"../../../Engine/Content/VREditor/TransformGizmo/SM_Sequencer_Key.uasset" 245
"../../../Engine/Content/VREditor/TransformGizmo/SM_Sequencer_Node.uasset" 246
"../../Plugins/2D/Paper2D/Content/PlaceholderTextures/DummySpriteTexture.uasset" 247
"../../Plugins/2D/Paper2D/Content/DummySprite.uasset" 248
"../../Plugins/2D/Paper2D/Content/DefaultPaperTerrainMaterial.uasset" 249
"../../Plugins/2D/Paper2D/Content/DefaultSpriteMaterial.uasset" 250
"../../Plugins/2D/Paper2D/Content/MaskedUnlitSpriteMaterial.uasset" 251
"../../Plugins/2D/Paper2D/Content/OpaqueUnlitSpriteMaterial.uasset" 252
"../../Plugins/FX/Niagara/Content/Enums/ENiagaraBooleanLogicOps.uasset" 253
"../../Plugins/FX/Niagara/Content/Enums/ENiagaraCoordinateSpace.uasset" 254
"../../Plugins/FX/Niagara/Content/Enums/ENiagaraExpansionMode.uasset" 255
"../../Plugins/FX/Niagara/Content/Enums/ENiagaraOrientationAxis.uasset" 256
"../../Plugins/FX/Niagara/Content/Enums/ENiagaraRandomnessMode.uasset" 257
"../../../Engine/Content/Functions/Engine_MaterialFunctions02/Utility/BreakOutFloat4Components.uasset" 258
"../../../Engine/Content/Functions/Engine_MaterialFunctions02/Utility/MakeFloat2.uasset" 259
"../../../Engine/Content/Functions/Engine_MaterialFunctions02/Utility/MakeFloat3.uasset" 260
"../../Plugins/Runtime/Oculus/OculusVR/Content/Materials/OculusMR_ChromaKey.uasset" 261
"../../Plugins/Runtime/Oculus/OculusVR/Content/Materials/OculusMR_ChromaKey_Lit.uasset" 262
"../../Plugins/Runtime/Oculus/OculusVR/Content/Materials/OculusMR_OpaqueColoredMaterial.uasset" 263
"../../Plugins/Runtime/Oculus/OculusVR/Content/Materials/OculusMR_WhiteMaterial.uasset" 264
"../../../../GamesJam/UkieGamesJam2020/Content/Alex/CreditsMenu.uasset" 265
"../../../../GamesJam/UkieGamesJam2020/Content/Alex/LevelSelect.uasset" 266
"../../../../GamesJam/UkieGamesJam2020/Content/Alex/UIAssets/Logo.uasset" 267
"../../../../GamesJam/UkieGamesJam2020/Content/Alex/UIAssets/MenuBackground.uasset" 268
"../../../../GamesJam/UkieGamesJam2020/Content/Alex/UIAssets/MenuDot.uasset" 269
"../../../../GamesJam/UkieGamesJam2020/Content/Alex/UIAssets/MMCog.uasset" 270
"../../../../GamesJam/UkieGamesJam2020/Content/Alex/UIAssets/SettingsButton.uasset" 271
"../../../../GamesJam/UkieGamesJam2020/Content/Alex/UIAssets/SettingsCog.uasset" 272
"../../../../GamesJam/UkieGamesJam2020/Content/Alex/W_MainMenu.uasset" 273
"../../../../GamesJam/UkieGamesJam2020/Content/Audio/scp-x5x-outer-thoughts-by-kevin-macleod-from-filmmusic-io.uasset" 274
"../../../../GamesJam/UkieGamesJam2020/Content/Alex/LM_MainMenu.umap" 275
"../../../../GamesJam/UkieGamesJam2020/Content/Materials/transparentMatl.uasset" 276
"../../../../GamesJam/UkieGamesJam2020/Content/Materials/opacityInstance.uasset" 277
"../../../../GamesJam/UkieGamesJam2020/Content/Meshes/Sphere_Brush_StaticMesh.uasset" 278
"../../../../GamesJam/UkieGamesJam2020/Content/Blueprints/Interactables/BP_DropLocation.uasset" 279
"../../../Engine/Content/EngineSky/C_Sky_Cloud_Color.uasset" 280
"../../../Engine/Content/EngineSky/C_Sky_Horizon_Color.uasset" 281
"../../../Engine/Content/EngineSky/C_Sky_Zenith_Color.uasset" 282
"../../../Engine/Content/EngineSky/T_Sky_Blue.uasset" 283
"../../../Engine/Content/EngineSky/T_Sky_Clouds_M.uasset" 284
"../../../Engine/Content/EngineSky/T_Sky_Stars.uasset" 285
"../../../Engine/Content/EngineSky/M_Sky_Panning_Clouds2.uasset" 286
"../../../Engine/Content/EngineSky/SM_SkySphere.uasset" 287
"../../../Engine/Content/EngineSky/BP_Sky_Sphere.uasset" 288
"../../../../GamesJam/UkieGamesJam2020/Content/Meshes/Mesh_Ceiling_Light.uasset" 289
"../../../../GamesJam/UkieGamesJam2020/Content/Blueprints/Environment/BP_CeilingLight.uasset" 290
"../../../../GamesJam/UkieGamesJam2020/Content/Meshes/Mesh_kitchen_cpd_lower.uasset" 291
"../../../../GamesJam/UkieGamesJam2020/Content/Meshes/Mesh_kitchen_cpd_lower_door.uasset" 292
"../../../../GamesJam/UkieGamesJam2020/Content/Blueprints/Environment/KCupboard.uasset" 293
"../../../../GamesJam/UkieGamesJam2020/Content/Blueprints/Environment/KCupboard2.uasset" 294
"../../../../GamesJam/UkieGamesJam2020/Content/Meshes/Mesh_kitchen_cpd_sink.uasset" 295
"../../../../GamesJam/UkieGamesJam2020/Content/Blueprints/Environment/KCupboard4.uasset" 296
"../../../../GamesJam/UkieGamesJam2020/Content/Meshes/Mesh_Wardrobe.uasset" 297
"../../../../GamesJam/UkieGamesJam2020/Content/Meshes/Mesh_Wardrobe_Door.uasset" 298
"../../../../GamesJam/UkieGamesJam2020/Content/Blueprints/Environment/Wardrobe.uasset" 299
"../../../../GamesJam/UkieGamesJam2020/Content/Levels/LM_Kitchen_BuiltData.uasset" 300
"../../../../GamesJam/UkieGamesJam2020/Content/Materials/Ceiling.uasset" 301
"../../../../GamesJam/UkieGamesJam2020/Content/Materials/Cream.uasset" 302
"../../../../GamesJam/UkieGamesJam2020/Content/Materials/Walls.uasset" 303
"../../../Engine/Content/MapTemplates/SM_Template_Map_Floor.uasset" 304
"../../../../GamesJam/UkieGamesJam2020/Content/Meshes/Mesh_Alarm_Clock.uasset" 305
"../../../../GamesJam/UkieGamesJam2020/Content/Meshes/Mesh_Apple.uasset" 306
"../../../../GamesJam/UkieGamesJam2020/Content/Meshes/Mesh_Banana.uasset" 307
"../../../../GamesJam/UkieGamesJam2020/Content/Meshes/Mesh_Bed.uasset" 308
"../../../../GamesJam/UkieGamesJam2020/Content/Meshes/Mesh_Book.uasset" 309
"../../../../GamesJam/UkieGamesJam2020/Content/Meshes/Mesh_Bookshelf.uasset" 310
"../../../../GamesJam/UkieGamesJam2020/Content/Materials/green.uasset" 311
"../../../../GamesJam/UkieGamesJam2020/Content/Meshes/Mesh_Bottle.uasset" 312
"../../../../GamesJam/UkieGamesJam2020/Content/Meshes/Mesh_Can.uasset" 313
"../../../../GamesJam/UkieGamesJam2020/Content/Meshes/Mesh_Coat_Stand.uasset" 314
"../../../../GamesJam/UkieGamesJam2020/Content/Meshes/Mesh_Coffee_Table.uasset" 315
"../../../../GamesJam/UkieGamesJam2020/Content/Meshes/Mesh_Desk.uasset" 316
"../../../../GamesJam/UkieGamesJam2020/Content/Meshes/Mesh_Desk_Chair.uasset" 317
"../../../../GamesJam/UkieGamesJam2020/Content/Meshes/Mesh_Door.uasset" 318
"../../../../GamesJam/UkieGamesJam2020/Content/Meshes/Mesh_Door_Frame.uasset" 319
"../../../../GamesJam/UkieGamesJam2020/Content/Meshes/Mesh_Drawer.uasset" 320
"../../../../GamesJam/UkieGamesJam2020/Content/Meshes/Mesh_Hat.uasset" 321
"../../../../GamesJam/UkieGamesJam2020/Content/Meshes/Mesh_Kettle.uasset" 322
"../../../../GamesJam/UkieGamesJam2020/Content/Meshes/Mesh_Lamp.uasset" 323
"../../../../GamesJam/UkieGamesJam2020/Content/Meshes/Mesh_Lightswitch.uasset" 324
"../../../../GamesJam/UkieGamesJam2020/Content/Meshes/Mesh_Microwave.uasset" 325
"../../../../GamesJam/UkieGamesJam2020/Content/Meshes/Mesh_Mug.uasset" 326
"../../../../GamesJam/UkieGamesJam2020/Content/Meshes/Mesh_Photo_Frame.uasset" 327
"../../../../GamesJam/UkieGamesJam2020/Content/Meshes/Mesh_Plate.uasset" 328
"../../../../GamesJam/UkieGamesJam2020/Content/Meshes/Mesh_Power_Outlet.uasset" 329
"../../../../GamesJam/UkieGamesJam2020/Content/Meshes/Mesh_Rug.uasset" 330
"../../../../GamesJam/UkieGamesJam2020/Content/Meshes/Mesh_Sofa.uasset" 331
"../../../../GamesJam/UkieGamesJam2020/Content/Meshes/Mesh_TV.uasset" 332
"../../../../GamesJam/UkieGamesJam2020/Content/Meshes/Mesh_Tv_Cabinet.uasset" 333
"../../../../GamesJam/UkieGamesJam2020/Content/Meshes/Mesh_Window.uasset" 334
"../../../../GamesJam/UkieGamesJam2020/Content/Levels/LM_Kitchen.umap" 335
"../../../../GamesJam/UkieGamesJam2020/Content/Levels/LM_Uni_BuiltData.uasset" 336
"../../../../GamesJam/UkieGamesJam2020/Content/Levels/LM_Uni.umap" 337
"../../../../GamesJam/UkieGamesJam2020/Content/Levels/LM_Work.umap" 338
"../../../Engine/Content/Maps/Entry_BuiltData.uasset" 339
"../../../Engine/Content/Maps/Entry.umap" 340
